1554023909758	mozrunner::runner	INFO	Running command: "/usr/bin/firefox" "-marionette" "-foreground" "-no-remote" "-profile" "/tmp/rust_mozprofile.VVD02Rp2GSuC"

(firefox:921): Gtk-WARNING **: 14:48:29.796: Theme parsing error: gtk.css:7852:22: Expected '(' after 'url'

(firefox:921): Gtk-WARNING **: 14:48:29.796: Theme parsing error: gtk.css:7852:147: Invalid character in string. Must be escaped.

(firefox:921): Gtk-WARNING **: 14:48:29.803: Theme parsing error: gtk.css:11634:3: '/*' in comment block

(firefox:921): Gtk-WARNING **: 14:48:29.803: Theme parsing error: gtk.css:11740:2: '/*' in comment block

(firefox:921): Gtk-WARNING **: 14:48:29.803: Theme parsing error: gtk.css:11785:26: 'text-shadow' is not a valid color name

(firefox:921): Gtk-WARNING **: 14:48:29.803: Theme parsing error: gtk.css:12045:14: 'ffffff' is not a valid color name
1554023910077	addons.webextension.screenshots@mozilla.org	WARN	Loading extension 'screenshots@mozilla.org': Reading manifest: Invalid extension permission: mozillaAddons
1554023910077	addons.webextension.screenshots@mozilla.org	WARN	Loading extension 'screenshots@mozilla.org': Reading manifest: Invalid extension permission: resource://pdf.js/
1554023910077	addons.webextension.screenshots@mozilla.org	WARN	Loading extension 'screenshots@mozilla.org': Reading manifest: Invalid extension permission: about:reader*

(/usr/lib/firefox/firefox:1082): Gtk-WARNING **: 14:48:31.656: Theme parsing error: gtk.css:7852:22: Expected '(' after 'url'

(/usr/lib/firefox/firefox:1082): Gtk-WARNING **: 14:48:31.656: Theme parsing error: gtk.css:7852:147: Invalid character in string. Must be escaped.

(/usr/lib/firefox/firefox:1082): Gtk-WARNING **: 14:48:31.661: Theme parsing error: gtk.css:11634:3: '/*' in comment block

(/usr/lib/firefox/firefox:1082): Gtk-WARNING **: 14:48:31.661: Theme parsing error: gtk.css:11740:2: '/*' in comment block

(/usr/lib/firefox/firefox:1082): Gtk-WARNING **: 14:48:31.661: Theme parsing error: gtk.css:11785:26: 'text-shadow' is not a valid color name

(/usr/lib/firefox/firefox:1082): Gtk-WARNING **: 14:48:31.662: Theme parsing error: gtk.css:12045:14: 'ffffff' is not a valid color name

(/usr/lib/firefox/firefox:1109): Gtk-WARNING **: 14:48:31.824: Theme parsing error: gtk.css:7852:22: Expected '(' after 'url'

(/usr/lib/firefox/firefox:1109): Gtk-WARNING **: 14:48:31.824: Theme parsing error: gtk.css:7852:147: Invalid character in string. Must be escaped.

(/usr/lib/firefox/firefox:1109): Gtk-WARNING **: 14:48:31.830: Theme parsing error: gtk.css:11634:3: '/*' in comment block

(/usr/lib/firefox/firefox:1109): Gtk-WARNING **: 14:48:31.830: Theme parsing error: gtk.css:11740:2: '/*' in comment block

(/usr/lib/firefox/firefox:1109): Gtk-WARNING **: 14:48:31.830: Theme parsing error: gtk.css:11785:26: 'text-shadow' is not a valid color name

(/usr/lib/firefox/firefox:1109): Gtk-WARNING **: 14:48:31.831: Theme parsing error: gtk.css:12045:14: 'ffffff' is not a valid color name

(/usr/lib/firefox/firefox:1179): Gtk-WARNING **: 14:48:33.238: Theme parsing error: gtk.css:7852:22: Expected '(' after 'url'

(/usr/lib/firefox/firefox:1179): Gtk-WARNING **: 14:48:33.238: Theme parsing error: gtk.css:7852:147: Invalid character in string. Must be escaped.
1554023913239	Marionette	INFO	Listening on port 39201

(/usr/lib/firefox/firefox:1179): Gtk-WARNING **: 14:48:33.244: Theme parsing error: gtk.css:11634:3: '/*' in comment block

(/usr/lib/firefox/firefox:1179): Gtk-WARNING **: 14:48:33.244: Theme parsing error: gtk.css:11740:2: '/*' in comment block

(/usr/lib/firefox/firefox:1179): Gtk-WARNING **: 14:48:33.244: Theme parsing error: gtk.css:11785:26: 'text-shadow' is not a valid color name

(/usr/lib/firefox/firefox:1179): Gtk-WARNING **: 14:48:33.245: Theme parsing error: gtk.css:12045:14: 'ffffff' is not a valid color name
1554023913283	Marionette	WARN	TLS certificate errors will be ignored for this session
JavaScript warning: http://www.veia.org.vn/Service/Library.js, line 1891: unreachable code after return statement
JavaScript error: http://www.vnexpress.net/Service/Weather_Content.js, line 1: SyntaxError: expected expression, got '<'
JavaScript error: http://www.vnexpress.net/Service/Weather.js, line 1: SyntaxError: expected expression, got '<'
console.error: BroadcastService: 
  receivedBroadcastMessage: handler for
  remote-settings/monitor_changes
  threw error:
  Message: Error: Polling for changes failed: NetworkError when attempting to fetch resource..
  Stack:
    remoteSettingsFunction/remoteSettings.pollChanges@resource://services-settings/remote-settings.js:190:13

IPDL protocol error: Handler returned error code!

###!!! [Parent][DispatchAsyncMessage] Error: PLayerTransaction::Msg_ReleaseLayer Processing error: message was deserialized, but the handler returned false (indicating failure)

IPDL protocol error: Handler returned error code!

###!!! [Parent][DispatchAsyncMessage] Error: PLayerTransaction::Msg_ReleaseLayer Processing error: message was deserialized, but the handler returned false (indicating failure)

IPDL protocol error: Handler returned error code!

###!!! [Parent][DispatchAsyncMessage] Error: PLayerTransaction::Msg_ReleaseLayer Processing error: message was deserialized, but the handler returned false (indicating failure)

IPDL protocol error: Handler returned error code!

###!!! [Parent][DispatchAsyncMessage] Error: PLayerTransaction::Msg_ReleaseLayer Processing error: message was deserialized, but the handler returned false (indicating failure)

IPDL protocol error: Handler returned error code!

###!!! [Parent][DispatchAsyncMessage] Error: PLayerTransaction::Msg_ReleaseLayer Processing error: message was deserialized, but the handler returned false (indicating failure)

IPDL protocol error: Handler returned error code!

###!!! [Parent][DispatchAsyncMessage] Error: PLayerTransaction::Msg_ReleaseLayer Processing error: message was deserialized, but the handler returned false (indicating failure)

1554025002819	Marionette	INFO	Stopped listening on port 39201
1554025003829	mozrunner::runner	INFO	Running command: "/usr/bin/firefox" "-marionette" "-foreground" "-no-remote" "-profile" "/tmp/rust_mozprofile.eD6IHNPOaLmP"

(firefox:1995): Gtk-WARNING **: 15:06:44.407: Theme parsing error: gtk.css:7852:22: Expected '(' after 'url'

(firefox:1995): Gtk-WARNING **: 15:06:44.407: Theme parsing error: gtk.css:7852:147: Invalid character in string. Must be escaped.

(firefox:1995): Gtk-WARNING **: 15:06:44.414: Theme parsing error: gtk.css:11634:3: '/*' in comment block

(firefox:1995): Gtk-WARNING **: 15:06:44.414: Theme parsing error: gtk.css:11740:2: '/*' in comment block

(firefox:1995): Gtk-WARNING **: 15:06:44.414: Theme parsing error: gtk.css:11785:26: 'text-shadow' is not a valid color name

(firefox:1995): Gtk-WARNING **: 15:06:44.415: Theme parsing error: gtk.css:12045:14: 'ffffff' is not a valid color name
1554025005043	addons.webextension.screenshots@mozilla.org	WARN	Loading extension 'screenshots@mozilla.org': Reading manifest: Invalid extension permission: mozillaAddons
1554025005043	addons.webextension.screenshots@mozilla.org	WARN	Loading extension 'screenshots@mozilla.org': Reading manifest: Invalid extension permission: resource://pdf.js/
1554025005043	addons.webextension.screenshots@mozilla.org	WARN	Loading extension 'screenshots@mozilla.org': Reading manifest: Invalid extension permission: about:reader*

(/usr/lib/firefox/firefox:2169): Gtk-WARNING **: 15:06:48.038: Theme parsing error: gtk.css:7852:22: Expected '(' after 'url'

(/usr/lib/firefox/firefox:2169): Gtk-WARNING **: 15:06:48.038: Theme parsing error: gtk.css:7852:147: Invalid character in string. Must be escaped.

(/usr/lib/firefox/firefox:2169): Gtk-WARNING **: 15:06:48.045: Theme parsing error: gtk.css:11634:3: '/*' in comment block

(/usr/lib/firefox/firefox:2169): Gtk-WARNING **: 15:06:48.045: Theme parsing error: gtk.css:11740:2: '/*' in comment block

(/usr/lib/firefox/firefox:2169): Gtk-WARNING **: 15:06:48.045: Theme parsing error: gtk.css:11785:26: 'text-shadow' is not a valid color name

(/usr/lib/firefox/firefox:2169): Gtk-WARNING **: 15:06:48.046: Theme parsing error: gtk.css:12045:14: 'ffffff' is not a valid color name

(/usr/lib/firefox/firefox:2208): Gtk-WARNING **: 15:06:48.284: Theme parsing error: gtk.css:7852:22: Expected '(' after 'url'

(/usr/lib/firefox/firefox:2208): Gtk-WARNING **: 15:06:48.284: Theme parsing error: gtk.css:7852:147: Invalid character in string. Must be escaped.

(/usr/lib/firefox/firefox:2208): Gtk-WARNING **: 15:06:48.293: Theme parsing error: gtk.css:11634:3: '/*' in comment block

(/usr/lib/firefox/firefox:2208): Gtk-WARNING **: 15:06:48.293: Theme parsing error: gtk.css:11740:2: '/*' in comment block

(/usr/lib/firefox/firefox:2208): Gtk-WARNING **: 15:06:48.293: Theme parsing error: gtk.css:11785:26: 'text-shadow' is not a valid color name

(/usr/lib/firefox/firefox:2208): Gtk-WARNING **: 15:06:48.294: Theme parsing error: gtk.css:12045:14: 'ffffff' is not a valid color name
1554025014218	Marionette	INFO	Listening on port 34979
1554025014260	Marionette	WARN	TLS certificate errors will be ignored for this session

(/usr/lib/firefox/firefox:2277): Gtk-WARNING **: 15:06:54.473: Theme parsing error: gtk.css:7852:22: Expected '(' after 'url'

(/usr/lib/firefox/firefox:2277): Gtk-WARNING **: 15:06:54.473: Theme parsing error: gtk.css:7852:147: Invalid character in string. Must be escaped.

(/usr/lib/firefox/firefox:2277): Gtk-WARNING **: 15:06:54.481: Theme parsing error: gtk.css:11634:3: '/*' in comment block

(/usr/lib/firefox/firefox:2277): Gtk-WARNING **: 15:06:54.482: Theme parsing error: gtk.css:11740:2: '/*' in comment block

(/usr/lib/firefox/firefox:2277): Gtk-WARNING **: 15:06:54.482: Theme parsing error: gtk.css:11785:26: 'text-shadow' is not a valid color name

(/usr/lib/firefox/firefox:2277): Gtk-WARNING **: 15:06:54.482: Theme parsing error: gtk.css:12045:14: 'ffffff' is not a valid color name
JavaScript warning: http://www.veia.org.vn/Service/Library.js, line 1891: unreachable code after return statement
JavaScript error: http://www.vnexpress.net/Service/Weather_Content.js, line 1: SyntaxError: expected expression, got '<'
JavaScript error: http://www.vnexpress.net/Service/Weather.js, line 1: SyntaxError: expected expression, got '<'
console.error: BroadcastService: 
  receivedBroadcastMessage: handler for
  remote-settings/monitor_changes
  threw error:
  Message: Error: Polling for changes failed: NetworkError when attempting to fetch resource..
  Stack:
    remoteSettingsFunction/remoteSettings.pollChanges@resource://services-settings/remote-settings.js:190:13

IPDL protocol error: Handler returned error code!

###!!! [Parent][DispatchAsyncMessage] Error: PLayerTransaction::Msg_ReleaseLayer Processing error: message was deserialized, but the handler returned false (indicating failure)

IPDL protocol error: Handler returned error code!

###!!! [Parent][DispatchAsyncMessage] Error: PLayerTransaction::Msg_ReleaseLayer Processing error: message was deserialized, but the handler returned false (indicating failure)

IPDL protocol error: Handler returned error code!

###!!! [Parent][DispatchAsyncMessage] Error: PLayerTransaction::Msg_ReleaseLayer Processing error: message was deserialized, but the handler returned false (indicating failure)

IPDL protocol error: Handler returned error code!

###!!! [Parent][DispatchAsyncMessage] Error: PLayerTransaction::Msg_ReleaseLayer Processing error: message was deserialized, but the handler returned false (indicating failure)

IPDL protocol error: Handler returned error code!

###!!! [Parent][DispatchAsyncMessage] Error: PLayerTransaction::Msg_ReleaseLayer Processing error: message was deserialized, but the handler returned false (indicating failure)

IPDL protocol error: Handler returned error code!

###!!! [Parent][DispatchAsyncMessage] Error: PLayerTransaction::Msg_ReleaseLayer Processing error: message was deserialized, but the handler returned false (indicating failure)

IPDL protocol error: Handler returned error code!

###!!! [Parent][DispatchAsyncMessage] Error: PLayerTransaction::Msg_ReleaseLayer Processing error: message was deserialized, but the handler returned false (indicating failure)

IPDL protocol error: Handler returned error code!

###!!! [Parent][DispatchAsyncMessage] Error: PLayerTransaction::Msg_ReleaseLayer Processing error: message was deserialized, but the handler returned false (indicating failure)

IPDL protocol error: Handler returned error code!

###!!! [Parent][DispatchAsyncMessage] Error: PLayerTransaction::Msg_ReleaseLayer Processing error: message was deserialized, but the handler returned false (indicating failure)

IPDL protocol error: Handler returned error code!

###!!! [Parent][DispatchAsyncMessage] Error: PLayerTransaction::Msg_ReleaseLayer Processing error: message was deserialized, but the handler returned false (indicating failure)

IPDL protocol error: Handler returned error code!

###!!! [Parent][DispatchAsyncMessage] Error: PLayerTransaction::Msg_ReleaseLayer Processing error: message was deserialized, but the handler returned false (indicating failure)

IPDL protocol error: Handler returned error code!

###!!! [Parent][DispatchAsyncMessage] Error: PLayerTransaction::Msg_ReleaseLayer Processing error: message was deserialized, but the handler returned false (indicating failure)

IPDL protocol error: Handler returned error code!

###!!! [Parent][DispatchAsyncMessage] Error: PLayerTransaction::Msg_ReleaseLayer Processing error: message was deserialized, but the handler returned false (indicating failure)

1554026166625	Marionette	INFO	Stopped listening on port 34979
1554026170717	mozrunner::runner	INFO	Running command: "/usr/bin/firefox" "-marionette" "-foreground" "-no-remote" "-profile" "/tmp/rust_mozprofile.DAZ6jhgVfWWT"

(firefox:2952): Gtk-WARNING **: 15:26:12.669: Theme parsing error: gtk.css:7852:22: Expected '(' after 'url'

(firefox:2952): Gtk-WARNING **: 15:26:12.669: Theme parsing error: gtk.css:7852:147: Invalid character in string. Must be escaped.

(firefox:2952): Gtk-WARNING **: 15:26:12.691: Theme parsing error: gtk.css:11634:3: '/*' in comment block

(firefox:2952): Gtk-WARNING **: 15:26:12.691: Theme parsing error: gtk.css:11740:2: '/*' in comment block

(firefox:2952): Gtk-WARNING **: 15:26:12.691: Theme parsing error: gtk.css:11785:26: 'text-shadow' is not a valid color name

(firefox:2952): Gtk-WARNING **: 15:26:12.692: Theme parsing error: gtk.css:12045:14: 'ffffff' is not a valid color name
1554026176602	addons.webextension.screenshots@mozilla.org	WARN	Loading extension 'screenshots@mozilla.org': Reading manifest: Invalid extension permission: mozillaAddons
1554026176603	addons.webextension.screenshots@mozilla.org	WARN	Loading extension 'screenshots@mozilla.org': Reading manifest: Invalid extension permission: resource://pdf.js/
1554026176603	addons.webextension.screenshots@mozilla.org	WARN	Loading extension 'screenshots@mozilla.org': Reading manifest: Invalid extension permission: about:reader*

(/usr/lib/firefox/firefox:3314): Gtk-WARNING **: 15:26:22.105: Theme parsing error: gtk.css:7852:22: Expected '(' after 'url'

(/usr/lib/firefox/firefox:3314): Gtk-WARNING **: 15:26:22.106: Theme parsing error: gtk.css:7852:147: Invalid character in string. Must be escaped.

(/usr/lib/firefox/firefox:3314): Gtk-WARNING **: 15:26:22.112: Theme parsing error: gtk.css:11634:3: '/*' in comment block

(/usr/lib/firefox/firefox:3314): Gtk-WARNING **: 15:26:22.113: Theme parsing error: gtk.css:11740:2: '/*' in comment block

(/usr/lib/firefox/firefox:3314): Gtk-WARNING **: 15:26:22.113: Theme parsing error: gtk.css:11785:26: 'text-shadow' is not a valid color name

(/usr/lib/firefox/firefox:3314): Gtk-WARNING **: 15:26:22.113: Theme parsing error: gtk.css:12045:14: 'ffffff' is not a valid color name

(/usr/lib/firefox/firefox:3364): Gtk-WARNING **: 15:26:22.638: Theme parsing error: gtk.css:7852:22: Expected '(' after 'url'

(/usr/lib/firefox/firefox:3364): Gtk-WARNING **: 15:26:22.638: Theme parsing error: gtk.css:7852:147: Invalid character in string. Must be escaped.

(/usr/lib/firefox/firefox:3364): Gtk-WARNING **: 15:26:22.646: Theme parsing error: gtk.css:11634:3: '/*' in comment block

(/usr/lib/firefox/firefox:3364): Gtk-WARNING **: 15:26:22.646: Theme parsing error: gtk.css:11740:2: '/*' in comment block

(/usr/lib/firefox/firefox:3364): Gtk-WARNING **: 15:26:22.646: Theme parsing error: gtk.css:11785:26: 'text-shadow' is not a valid color name

(/usr/lib/firefox/firefox:3364): Gtk-WARNING **: 15:26:22.647: Theme parsing error: gtk.css:12045:14: 'ffffff' is not a valid color name

(/usr/lib/firefox/firefox:3458): Gtk-WARNING **: 15:26:24.563: Theme parsing error: gtk.css:7852:22: Expected '(' after 'url'

(/usr/lib/firefox/firefox:3458): Gtk-WARNING **: 15:26:24.563: Theme parsing error: gtk.css:7852:147: Invalid character in string. Must be escaped.

(/usr/lib/firefox/firefox:3458): Gtk-WARNING **: 15:26:24.571: Theme parsing error: gtk.css:11634:3: '/*' in comment block

(/usr/lib/firefox/firefox:3458): Gtk-WARNING **: 15:26:24.571: Theme parsing error: gtk.css:11740:2: '/*' in comment block

(/usr/lib/firefox/firefox:3458): Gtk-WARNING **: 15:26:24.571: Theme parsing error: gtk.css:11785:26: 'text-shadow' is not a valid color name

(/usr/lib/firefox/firefox:3458): Gtk-WARNING **: 15:26:24.571: Theme parsing error: gtk.css:12045:14: 'ffffff' is not a valid color name
1554026185079	Marionette	INFO	Listening on port 44255
1554026185169	Marionette	WARN	TLS certificate errors will be ignored for this session
JavaScript warning: http://www.veia.org.vn/Service/Library.js, line 1891: unreachable code after return statement
JavaScript error: http://www.vnexpress.net/Service/Weather_Content.js, line 1: SyntaxError: expected expression, got '<'
JavaScript error: http://www.vnexpress.net/Service/Weather.js, line 1: SyntaxError: expected expression, got '<'
console.error: BroadcastService: 
  receivedBroadcastMessage: handler for
  remote-settings/monitor_changes
  threw error:
  Message: Error: Polling for changes failed: NetworkError when attempting to fetch resource..
  Stack:
    remoteSettingsFunction/remoteSettings.pollChanges@resource://services-settings/remote-settings.js:190:13

1554029088714	mozrunner::runner	INFO	Running command: "/usr/bin/firefox" "-marionette" "-foreground" "-no-remote" "-profile" "/tmp/rust_mozprofile.I2kRb9POfMgx"

(firefox:5110): Gtk-WARNING **: 16:14:49.882: Theme parsing error: gtk.css:7852:22: Expected '(' after 'url'

(firefox:5110): Gtk-WARNING **: 16:14:49.882: Theme parsing error: gtk.css:7852:147: Invalid character in string. Must be escaped.

(firefox:5110): Gtk-WARNING **: 16:14:49.890: Theme parsing error: gtk.css:11634:3: '/*' in comment block

(firefox:5110): Gtk-WARNING **: 16:14:49.890: Theme parsing error: gtk.css:11740:2: '/*' in comment block

(firefox:5110): Gtk-WARNING **: 16:14:49.890: Theme parsing error: gtk.css:11785:26: 'text-shadow' is not a valid color name

(firefox:5110): Gtk-WARNING **: 16:14:49.891: Theme parsing error: gtk.css:12045:14: 'ffffff' is not a valid color name
1554029093172	addons.webextension.screenshots@mozilla.org	WARN	Loading extension 'screenshots@mozilla.org': Reading manifest: Invalid extension permission: mozillaAddons
1554029093173	addons.webextension.screenshots@mozilla.org	WARN	Loading extension 'screenshots@mozilla.org': Reading manifest: Invalid extension permission: resource://pdf.js/
1554029093173	addons.webextension.screenshots@mozilla.org	WARN	Loading extension 'screenshots@mozilla.org': Reading manifest: Invalid extension permission: about:reader*

(/usr/lib/firefox/firefox:5288): Gtk-WARNING **: 16:14:56.506: Theme parsing error: gtk.css:7852:22: Expected '(' after 'url'

(/usr/lib/firefox/firefox:5288): Gtk-WARNING **: 16:14:56.506: Theme parsing error: gtk.css:7852:147: Invalid character in string. Must be escaped.

(/usr/lib/firefox/firefox:5288): Gtk-WARNING **: 16:14:56.512: Theme parsing error: gtk.css:11634:3: '/*' in comment block

(/usr/lib/firefox/firefox:5288): Gtk-WARNING **: 16:14:56.512: Theme parsing error: gtk.css:11740:2: '/*' in comment block

(/usr/lib/firefox/firefox:5288): Gtk-WARNING **: 16:14:56.512: Theme parsing error: gtk.css:11785:26: 'text-shadow' is not a valid color name

(/usr/lib/firefox/firefox:5288): Gtk-WARNING **: 16:14:56.513: Theme parsing error: gtk.css:12045:14: 'ffffff' is not a valid color name

(/usr/lib/firefox/firefox:5325): Gtk-WARNING **: 16:14:56.884: Theme parsing error: gtk.css:7852:22: Expected '(' after 'url'

(/usr/lib/firefox/firefox:5325): Gtk-WARNING **: 16:14:56.884: Theme parsing error: gtk.css:7852:147: Invalid character in string. Must be escaped.

(/usr/lib/firefox/firefox:5325): Gtk-WARNING **: 16:14:56.890: Theme parsing error: gtk.css:11634:3: '/*' in comment block

(/usr/lib/firefox/firefox:5325): Gtk-WARNING **: 16:14:56.890: Theme parsing error: gtk.css:11740:2: '/*' in comment block

(/usr/lib/firefox/firefox:5325): Gtk-WARNING **: 16:14:56.890: Theme parsing error: gtk.css:11785:26: 'text-shadow' is not a valid color name

(/usr/lib/firefox/firefox:5325): Gtk-WARNING **: 16:14:56.891: Theme parsing error: gtk.css:12045:14: 'ffffff' is not a valid color name

(/usr/lib/firefox/firefox:5412): Gtk-WARNING **: 16:14:58.969: Theme parsing error: gtk.css:7852:22: Expected '(' after 'url'

(/usr/lib/firefox/firefox:5412): Gtk-WARNING **: 16:14:58.969: Theme parsing error: gtk.css:7852:147: Invalid character in string. Must be escaped.

(/usr/lib/firefox/firefox:5412): Gtk-WARNING **: 16:14:58.975: Theme parsing error: gtk.css:11634:3: '/*' in comment block

(/usr/lib/firefox/firefox:5412): Gtk-WARNING **: 16:14:58.975: Theme parsing error: gtk.css:11740:2: '/*' in comment block

(/usr/lib/firefox/firefox:5412): Gtk-WARNING **: 16:14:58.975: Theme parsing error: gtk.css:11785:26: 'text-shadow' is not a valid color name

(/usr/lib/firefox/firefox:5412): Gtk-WARNING **: 16:14:58.976: Theme parsing error: gtk.css:12045:14: 'ffffff' is not a valid color name
1554029099282	Marionette	INFO	Listening on port 44229
1554029099313	Marionette	WARN	TLS certificate errors will be ignored for this session
JavaScript warning: http://www.veia.org.vn/Service/Library.js, line 1891: unreachable code after return statement
JavaScript error: http://www.vnexpress.net/Service/Weather_Content.js, line 1: SyntaxError: expected expression, got '<'
JavaScript error: http://www.vnexpress.net/Service/Weather.js, line 1: SyntaxError: expected expression, got '<'
console.error: BroadcastService: 
  receivedBroadcastMessage: handler for
  remote-settings/monitor_changes
  threw error:
  Message: Error: Polling for changes failed: NetworkError when attempting to fetch resource..
  Stack:
    remoteSettingsFunction/remoteSettings.pollChanges@resource://services-settings/remote-settings.js:190:13

Exiting due to channel error.
Exiting due to channel error.
Exiting due to channel error.
